[0] OP: OPT_LIT_NUMBER
OP operand: 3
[1] OP: OPT_IDENT
OP operand: 3
[2] OP: OPT_DUP
OP operand: 0
[3] OP: OPT_LIT_NUMBER
OP operand: 0
[4] OP: OPT_LT
OP operand: 0
[5] OP: OPT_IDENT
OP operand: 1
[6] OP: OPT_DUP
OP operand: 0
[7] OP: OPT_IDENT
OP operand: 0
[8] OP: OPT_LIT_NUMBER
OP operand: 10
[9] OP: OPT_IDENT
OP operand: 4
[10] OP: OPT_LIT_NUMBER
OP operand: 2
[11] OP: OPT_IDENT
OP operand: 3
[12] OP: OPT_DUP
OP operand: 0
[13] OP: OPT_LIT_NUMBER
OP operand: 0
[14] OP: OPT_LT
OP operand: 0
[15] OP: OPT_IDENT
OP operand: 1
[16] OP: OPT_LIT_NUMBER
OP operand: 61
[17] OP: OPT_IDENT
OP operand: 4
[18] OP: OPT_LIT_NUMBER
OP operand: 32
[19] OP: OPT_IDENT
OP operand: 4
[20] OP: OPT_DUP
OP operand: 0
[21] OP: OPT_IDENT
OP operand: 0
[22] OP: OPT_LIT_NUMBER
OP operand: 10
[23] OP: OPT_IDENT
OP operand: 4
[24] OP: OPT_LIT_NUMBER
OP operand: 1
[25] OP: OPT_SWAP
OP operand: 0
[26] OP: OPT_MINUS
OP operand: 0
[27] OP: OPT_IDENT
OP operand: 2
[28] OP: OPT_DROP
OP operand: 0
[29] OP: OPT_LIT_NUMBER
OP operand: 1
[30] OP: OPT_SWAP
OP operand: 0
[31] OP: OPT_MINUS
OP operand: 0
[32] OP: OPT_IDENT
OP operand: 2
[33] OP: Unknown type
OP operand: 0
================================
3
= 2
= 1
2
= 2
= 1
1
= 2
= 1
