[0] OP: OPT_LIT_NUMBER
OP operand: 0
[1] OP: OPT_LIT_NUMBER
OP operand: 1
[2] OP: OPT_LIT_NUMBER
OP operand: 1
[3] OP: OPT_IDENT
OP operand: 3
[4] OP: OPT_DUP
OP operand: 0
[5] OP: OPT_LIT_NUMBER
OP operand: 20
[6] OP: OPT_GT
OP operand: 0
[7] OP: OPT_IDENT
OP operand: 1
[8] OP: OPT_LIT_NUMBER
OP operand: 1
[9] OP: OPT_STASH
OP operand: 0
[10] OP: OPT_2DUP
OP operand: 0
[11] OP: OPT_PLUS
OP operand: 0
[12] OP: OPT_DUP
OP operand: 0
[13] OP: OPT_IDENT
OP operand: 0
[14] OP: OPT_LIT_NUMBER
OP operand: 10
[15] OP: OPT_IDENT
OP operand: 4
[16] OP: OPT_LIT_NUMBER
OP operand: 1
[17] OP: OPT_STASH
OP operand: 0
[18] OP: OPT_SWAP
OP operand: 0
[19] OP: OPT_DROP
OP operand: 0
[20] OP: OPT_LIT_NUMBER
OP operand: 1
[21] OP: OPT_POP
OP operand: 0
[22] OP: OPT_LIT_NUMBER
OP operand: 1
[23] OP: OPT_POP
OP operand: 0
[24] OP: OPT_LIT_NUMBER
OP operand: 1
[25] OP: OPT_PLUS
OP operand: 0
[26] OP: OPT_IDENT
OP operand: 2
[27] OP: OPT_DROP
OP operand: 0
[28] OP: OPT_DROP
OP operand: 0
[29] OP: OPT_DROP
OP operand: 0
[30] OP: Unknown type
OP operand: 0
================================
1
2
3
5
8
13
21
34
55
89
144
233
377
610
987
1597
2584
4181
6765
